make all --print-data-base --no-builtin-variables --no-builtin-rules --question
# GNU Make 3.81
# Copyright (C) 2006  Free Software Foundation, Inc.
# This is free software; see the source for copying conditions.
# There is NO warranty; not even for MERCHANTABILITY or FITNESS FOR A
# PARTICULAR PURPOSE.

# This program built for i386-apple-darwin11.3.0
 

# Make data base, printed on Wed Mar  2 17:03:44 2022

# Variables

# automatic
<D = $(patsubst %/,%,$(dir $<))
# automatic
?F = $(notdir $?)
# makefile (from `Makefile', line 174)
LDSCRIPT = ld.stm32.basic
# environment
VSCODE_LOG_NATIVE = false
# makefile (from `Makefile', line 58)
TARGET = m4_app
# automatic
?D = $(patsubst %/,%,$(dir $?))
# environment
PLATFORMIO_IDE = 2.4.2
# makefile (from `Makefile', line 133)
AS_DEFS = 
# makefile (from `Makefile', line 146)
AS_INCLUDES = 
# automatic
@D = $(patsubst %/,%,$(dir $@))
# automatic
@F = $(notdir $@)
# makefile
CURDIR := /Users/blakemartin/Documents/EmbeddedGithub/Milestone #4
# makefile
SHELL = /bin/sh
# makefile (from `Makefile', line 114)
BIN = $(CP) -O binary -S
# environment
VSCODE_NLS_CONFIG = {"locale":"en-us","availableLanguages":{},"_languagePackSupport":true}
# makefile (from `Makefile', line 111)
SZ = $(PREFIX)size
# environment
_ = /usr/bin/make
# makefile (from `Makefile', line 167)
CFLAGS = $(MCU) $(C_DEFS) $(C_INCLUDES) $(OPT) -Wall -fdata-sections -ffunction-sections -nostartfiles -specs=nosys.specs -g -gdwarf-2 -MMD -MP -MF"$(@:%.o=%.d)"
# makefile (from `build/esos_utils.d', line 1)
MAKEFILE_LIST :=  Makefile build/echo_app.d build/esos.d build/esos_cb.d build/esos_comm.d build/esos_mail.d build/esos_stm32l4_rs232.d build/esos_stm32l4_tick.d build/esos_stm32l4_utils.d build/esos_utils.d
# makefile (from `Makefile', line 110)
CP = $(PREFIX)objcopy
# makefile (from `Makefile', line 64)
DEBUG = 1
# environment
VSCODE_VERBOSE_LOGGING = true
# makefile (from `Makefile', line 109)
AS = $(PREFIX)gcc -x assembler-with-cpp
# environment
__CFBundleIdentifier = com.microsoft.VSCode
# environment
VSCODE_IPC_HOOK_EXTHOST = /var/folders/51/v66618zx35z8c27yj869l7qh0000gn/T/vscode-ipc-22b42601-785b-41c3-b462-121d542d858b.sock
# environment
VSCODE_CWD = /
# environment
NO_PROXY = 127.0.0.1
# makefile (from `Makefile', line 20)
MAKECLEANFLAGS = -fR
# environment
VSCODE_LOG_STACK = false
# environment
ELECTRON_RUN_AS_NODE = 1
# makefile (from `Makefile', line 179)
LDFLAGS = $(MCU) -specs=nano.specs -specs=nosys.specs -T$(LDSCRIPT) $(LIBDIR) $(LIBS) -Wl,-Map=$(BUILD_DIR)/$(TARGET).map,--cref -Wl,--gc-sections -nostartfiles
# default
.FEATURES := target-specific order-only second-expansion else-if archives jobserver check-symlink
# environment
SSH_AUTH_SOCK = /private/tmp/com.apple.launchd.TyT0KfHJxy/Listeners
# automatic
%F = $(notdir $%)
# makefile (from `Makefile', line 13)
UNAME_S := Darwin
# makefile (from `Makefile', line 94)
ASM_SOURCES = 
# makefile (from `Makefile', line 66)
OPT = -Og
# environment
VSCODE_PIPE_LOGGING = true
# makefile (from `Makefile', line 19)
MAKECLEANCMD = rm
# environment
PWD = /Users/blakemartin/Documents/EmbeddedGithub/Milestone #4
# environment
ORIGINAL_XDG_CURRENT_DESKTOP = undefined
# environment
VSCODE_AMD_ENTRYPOINT = vs/workbench/services/extensions/node/extensionHostProcess
# environment
HOME = /Users/blakemartin
# default
MAKEFILEPATH = $(shell /usr/bin/xcode-select -print-path 2>/dev/null || echo /Developer)/Makefiles
# environment
VSCODE_CODE_CACHE_PATH = /Users/blakemartin/Library/Application Support/Code/CachedData/f80445acd5a3dadef24aa209168452a3d97cc326
# environment
LOGNAME = blakemartin
# environment
APPLICATION_INSIGHTS_NO_DIAGNOSTIC_CHANNEL = 1
# makefile (from `Makefile', line 99)
PREFIX = arm-none-eabi-
# environment
VSCODE_HANDLES_UNCAUGHT_ERRORS = true
# automatic
^D = $(patsubst %/,%,$(dir $^))
# makefile (from `Makefile', line 136)
C_DEFS = -DSTM32L4 -DSTM32L452xx -DHARDWARE_PLATFORM=NUCLEO64 -DESOS_USE_SERIAL_PORT -D__NUCLEO_BOARD
# environment
PLATFORMIO_PATH = /Users/blakemartin/.platformio/python3/bin:/Users/blakemartin/opt/miniconda3/bin:/Library/Frameworks/Python.framework/Versions/3.10/bin:/opt/anaconda3/bin:/Library/Frameworks/Python.framework/Versions/3.7/bin:/usr/local/bin:/usr/bin:/bin:/usr/sbin:/sbin:/Library/Apple/usr/bin:/Library/Frameworks/Mono.framework/Versions/Current/Commands:/Users/blakemartin/opt/miniconda3/bin:/Library/Frameworks/Python.framework/Versions/3.10/bin:/opt/anaconda3/bin:/Library/Frameworks/Python.framework/Versions/3.7/bin
# default
MAKE = $(MAKE_COMMAND)
# default
MAKECMDGOALS := all
# environment
PATH = /Users/blakemartin/opt/miniconda3/bin:/Library/Frameworks/Python.framework/Versions/3.10/bin:/opt/anaconda3/bin:/Library/Frameworks/Python.framework/Versions/3.7/bin:/usr/local/bin:/usr/bin:/bin:/usr/sbin:/sbin:/Library/Apple/usr/bin:/Library/Frameworks/Mono.framework/Versions/Current/Commands:/Users/blakemartin/opt/miniconda3/bin:/Library/Frameworks/Python.framework/Versions/3.10/bin:/opt/anaconda3/bin:/Library/Frameworks/Python.framework/Versions/3.7/bin
# environment
SHLVL = 3
# environment
LOCAL_GIT_DIRECTORY = /Applications/GitHub Desktop.app/Contents/Resources/app/git
# makefile (from `Makefile', line 126)
FLOAT-ABI = -mfloat-abi=hard
# environment
XPC_FLAGS = 0x0
# makefile (from `Makefile', line 113)
HEX = $(CP) -O ihex
# makefile (from `Makefile', line 108)
CC = $(PREFIX)gcc
# makefile (from `Makefile', line 72)
BUILD_DIR = build
# makefile (from `Makefile', line 157)
ASFLAGS = $(MCU) $(AS_DEFS) $(AS_INCLUDES) $(OPT) -Wall -fdata-sections -ffunction-sections
# default
MAKE_VERSION := 3.81
# makefile (from `Makefile', line 24)
USER = $(shell whoami)
# makefile
.DEFAULT_GOAL := all
# automatic
%D = $(patsubst %/,%,$(dir $%))
# makefile (from `Makefile', line 120)
CPU = -mcpu=cortex-m4
# makefile (from `Makefile', line 123)
FPU = -mfpu=fpv4-sp-d16
# default
MAKE_COMMAND := /Library/Developer/CommandLineTools/usr/bin/make
# makefile (from `Makefile', line 178)
LIBDIR = -L$(CM3_DIR)/lib
# default
.VARIABLES := 
# environment
TMPDIR = /var/folders/51/v66618zx35z8c27yj869l7qh0000gn/T/
# automatic
*F = $(notdir $*)
# environment
VSCODE_IPC_HOOK = /Users/blakemartin/Library/Application Support/Code/1.64.2-main.sock
# makefile
MAKEFLAGS = Rrqp
# environment
MFLAGS = -Rrqp
# automatic
*D = $(patsubst %/,%,$(dir $*))
# environment
XPC_SERVICE_NAME = application.com.microsoft.VSCode.51312637.51312643
# automatic
+D = $(patsubst %/,%,$(dir $+))
# automatic
+F = $(notdir $+)
# makefile (from `Makefile', line 129)
MCU = $(CPU) -mthumb $(FPU) $(FLOAT-ABI)
# makefile (from `Makefile', line 149)
C_INCLUDES = -Iinclude -I$(ESOS_DIR)/include -I$(ESOS_DIR)/include/stm32l4_ocm3 -I$(CM3_DIR)/include -L$(CM3_DIR)/lib
# environment
__CF_USER_TEXT_ENCODING = 0x1F5:0x0:0x0
# environment
COMMAND_MODE = unix2003
# default
MAKEFILES := 
# automatic
<F = $(notdir $<)
# environment
PLATFORMIO_CALLER = vscode
# environment
LC_ALL = C
# makefile (from `Makefile', line 177)
LIBS = -lc -lm -lnosys -lopencm3_stm32l4
# automatic
^F = $(notdir $^)
# makefile (from `Makefile', line 81)
C_SOURCES = src/m4_app.c $(ESOS_DIR)/src/esos.c $(ESOS_DIR)/src/esos_cb.c $(ESOS_DIR)/src/esos_utils.c $(ESOS_DIR)/src/esos_comm.c $(ESOS_DIR)/src/esos_mail.c $(ESOS_DIR)/src/stm32l4_ocm3/esos_stm32l4_tick.c $(ESOS_DIR)/src/stm32l4_ocm3/esos_stm32l4_utils.c $(ESOS_DIR)/src/stm32l4_ocm3/esos_stm32l4_rs232.c 
# default
SUFFIXES := 
# default
.INCLUDE_DIRS = /usr/local/include
# environment
MAKELEVEL := 0
# makefile (from `Makefile', line 192)
OBJECTS = $(addprefix $(BUILD_DIR)/,$(notdir $(C_SOURCES:.c=.o))) $(addprefix $(BUILD_DIR)/,$(notdir $(ASM_SOURCES:.s=.o)))
# environment
LANG = C
# environment
VSCODE_PID = 85366
# variable set hash-table stats:
# Load=98/1024=10%, Rehash=0, Collisions=25/228=11%

# Pattern-specific Variable Values

# No pattern-specific variable values.

# Directories

# . (device 16777220, inode 52449925): 11 files, no impossibilities.
# /src: could not be stat'd.
# build (device 16777220, inode 52484688): 33 files, no impossibilities.
# /src/stm32l4_ocm3: could not be stat'd.
# src (device 16777220, inode 52449931): 4 files, no impossibilities so far.

# 48 files, no impossibilities in 5 directories.

# Implicit Rules

build/%.o: %.c Makefile | build
#  commands to execute (from `Makefile', line 197):
	$(CC) -c $(CFLAGS) -Wa,-a,-ad,-alms=$(BUILD_DIR)/$(notdir $(<:.c=.lst)) $< -o $@
	

build/%.o: %.s Makefile | build
#  commands to execute (from `Makefile', line 200):
	$(AS) -c $(CFLAGS) $< -o $@
	

 
build/%.hex: build/%.elf | build
#  commands to execute (from `Makefile', line 207):
	$(HEX) $< $@
	

build/%.bin: build/%.elf | build
#  commands to execute (from `Makefile', line 210):
	$(BIN) $< $@
	

# 4 implicit rules, 0 (0.0%) terminal.

# Files

/home/kester/Documents/Github/libopencm3/include/libopencm3/stm32/l4/rcc.h:
#  Implicit rule search has not been done.
#  Modification time never checked.
#  File has not been updated.

/home/kester/Documents/Github/libopencm3/include/libopencm3/dispatch/nvic.h:
#  Implicit rule search has not been done.
#  Modification time never checked.
#  File has not been updated.

build/esos_stm32l4_rs232.o: /home/kester/Documents/Github/esos32/src/stm32l4_ocm3/esos_stm32l4_rs232.c /home/kester/Documents/Github/esos32/include/stm32l4_ocm3/esos_stm32l4_rs232.h /home/kester/Documents/Github/esos32/include/esos.h /home/kester/Documents/Github/esos32/include/all_generic.h /home/kester/Documents/Github/esos32/include/esos_utils.h /home/kester/Documents/Github/esos32/include/esos.h /home/kester/Documents/Github/esos32/include/esos_task.h /home/kester/Documents/Github/esos32/include/lc.h /home/kester/Documents/Github/esos32/include/lc-switch.h /home/kester/Documents/Github/esos32/include/esos_mail.h /home/kester/Documents/Github/esos32/include/esos_cb.h /home/kester/Documents/Github/esos32/include/esos_comm.h /home/kester/Documents/Github/esos32/include/esos_comm.h /home/kester/Documents/Github/esos32/include/stm32l4_ocm3/esos_stm32l4.h /home/kester/Documents/Github/libopencm3/include/libopencm3/stm32/flash.h /home/kester/Documents/Github/libopencm3/include/libopencm3/cm3/common.h /home/kester/Documents/Github/libopencm3/include/libopencm3/stm32/memorymap.h /home/kester/Documents/Github/libopencm3/include/libopencm3/stm32/l4/memorymap.h /home/kester/Documents/Github/libopencm3/include/libopencm3/cm3/memorymap.h /home/kester/Documents/Github/libopencm3/include/libopencm3/stm32/l4/flash.h /home/kester/Documents/Github/libopencm3/include/libopencm3/stm32/common/flash_common_all.h /home/kester/Documents/Github/libopencm3/include/libopencm3/stm32/common/flash_common_f.h /home/kester/Documents/Github/libopencm3/include/libopencm3/stm32/common/flash_common_idcache.h /home/kester/Documents/Github/libopencm3/include/libopencm3/stm32/gpio.h /home/kester/Documents/Github/libopencm3/include/libopencm3/stm32/l4/gpio.h /home/kester/Documents/Github/libopencm3/include/libopencm3/stm32/common/gpio_common_f24.h /home/kester/Documents/Github/libopencm3/include/libopencm3/stm32/common/gpio_common_f234.h /home/kester/Documents/Github/libopencm3/include/libopencm3/stm32/common/gpio_common_all.h /home/kester/Documents/Github/libopencm3/include/libopencm3/stm32/i2c.h /home/kester/Documents/Github/libopencm3/include/libopencm3/stm32/l4/i2c.h /home/kester/Documents/Github/libopencm3/include/libopencm3/stm32/common/i2c_common_v2.h /home/kester/Documents/Github/libopencm3/include/libopencm3/stm32/rcc.h /home/kester/Documents/Github/libopencm3/include/libopencm3/stm32/l4/rcc.h /home/kester/Documents/Github/libopencm3/include/libopencm3/stm32/common/rcc_common_all.h /home/kester/Documents/Github/libopencm3/include/libopencm3/stm32/rng.h /home/kester/Documents/Github/libopencm3/include/libopencm3/stm32/l4/rng.h /home/kester/Documents/Github/libopencm3/include/libopencm3/stm32/common/rng_common_v1.h /home/kester/Documents/Github/libopencm3/include/libopencm3/stm32/usart.h /home/kester/Documents/Github/libopencm3/include/libopencm3/stm32/l4/usart.h /home/kester/Documents/Github/libopencm3/include/libopencm3/stm32/common/usart_common_all.h /home/kester/Documents/Github/libopencm3/include/libopencm3/stm32/common/usart_common_v2.h /home/kester/Documents/Github/libopencm3/include/libopencm3/cm3/nvic.h /home/kester/Documents/Github/libopencm3/include/libopencm3/dispatch/nvic.h /home/kester/Documents/Github/libopencm3/include/libopencm3/stm32/l4/nvic.h /home/kester/Documents/Github/libopencm3/include/libopencm3/cm3/systick.h /home/kester/Documents/Github/libopencm3/include/libopencm3/stm32/adc.h /home/kester/Documents/Github/libopencm3/include/libopencm3/stm32/l4/adc.h /home/kester/Documents/Github/libopencm3/include/libopencm3/stm32/common/adc_common_v2.h /home/kester/Documents/Github/libopencm3/include/libopencm3/stm32/common/adc_common_v2_multi.h /home/kester/Documents/Github/esos32/include/stm32l4_ocm3/esos_stm32l4_rs232.h
#  Implicit rule search has not been done.
#  Modification time never checked.
#  File has not been updated.

build/esos_stm32l4_tick.o: /home/kester/Documents/Github/esos32/src/stm32l4_ocm3/esos_stm32l4_tick.c /home/kester/Documents/Github/esos32/include/stm32l4_ocm3/esos_stm32l4.h /home/kester/Documents/Github/libopencm3/include/libopencm3/stm32/flash.h /home/kester/Documents/Github/libopencm3/include/libopencm3/cm3/common.h /home/kester/Documents/Github/libopencm3/include/libopencm3/stm32/memorymap.h /home/kester/Documents/Github/libopencm3/include/libopencm3/stm32/l4/memorymap.h /home/kester/Documents/Github/libopencm3/include/libopencm3/cm3/memorymap.h /home/kester/Documents/Github/libopencm3/include/libopencm3/stm32/l4/flash.h /home/kester/Documents/Github/libopencm3/include/libopencm3/stm32/common/flash_common_all.h /home/kester/Documents/Github/libopencm3/include/libopencm3/stm32/common/flash_common_f.h /home/kester/Documents/Github/libopencm3/include/libopencm3/stm32/common/flash_common_idcache.h /home/kester/Documents/Github/libopencm3/include/libopencm3/stm32/gpio.h /home/kester/Documents/Github/libopencm3/include/libopencm3/stm32/l4/gpio.h /home/kester/Documents/Github/libopencm3/include/libopencm3/stm32/common/gpio_common_f24.h /home/kester/Documents/Github/libopencm3/include/libopencm3/stm32/common/gpio_common_f234.h /home/kester/Documents/Github/libopencm3/include/libopencm3/stm32/common/gpio_common_all.h /home/kester/Documents/Github/libopencm3/include/libopencm3/stm32/i2c.h /home/kester/Documents/Github/libopencm3/include/libopencm3/stm32/l4/i2c.h /home/kester/Documents/Github/libopencm3/include/libopencm3/stm32/common/i2c_common_v2.h /home/kester/Documents/Github/libopencm3/include/libopencm3/stm32/rcc.h /home/kester/Documents/Github/libopencm3/include/libopencm3/stm32/l4/rcc.h /home/kester/Documents/Github/libopencm3/include/libopencm3/stm32/common/rcc_common_all.h /home/kester/Documents/Github/libopencm3/include/libopencm3/stm32/rng.h /home/kester/Documents/Github/libopencm3/include/libopencm3/stm32/l4/rng.h /home/kester/Documents/Github/libopencm3/include/libopencm3/stm32/common/rng_common_v1.h /home/kester/Documents/Github/libopencm3/include/libopencm3/stm32/usart.h /home/kester/Documents/Github/libopencm3/include/libopencm3/stm32/l4/usart.h /home/kester/Documents/Github/libopencm3/include/libopencm3/stm32/common/usart_common_all.h /home/kester/Documents/Github/libopencm3/include/libopencm3/stm32/common/usart_common_v2.h /home/kester/Documents/Github/libopencm3/include/libopencm3/cm3/nvic.h /home/kester/Documents/Github/libopencm3/include/libopencm3/dispatch/nvic.h /home/kester/Documents/Github/libopencm3/include/libopencm3/stm32/l4/nvic.h /home/kester/Documents/Github/libopencm3/include/libopencm3/cm3/systick.h /home/kester/Documents/Github/libopencm3/include/libopencm3/stm32/adc.h /home/kester/Documents/Github/libopencm3/include/libopencm3/stm32/l4/adc.h /home/kester/Documents/Github/libopencm3/include/libopencm3/stm32/common/adc_common_v2.h /home/kester/Documents/Github/libopencm3/include/libopencm3/stm32/common/adc_common_v2_multi.h /home/kester/Documents/Github/esos32/include/stm32l4_ocm3/esos_stm3 
2l4_rs232.h /home/kester/Documents/Github/esos32/include/esos.h /home/kester/Documents/Github/esos32/include/all_generic.h /home/kester/Documents/Github/esos32/include/esos_utils.h /home/kester/Documents/Github/esos32/include/esos.h /home/kester/Documents/Github/esos32/include/esos_task.h /home/kester/Documents/Github/esos32/include/lc.h /home/kester/Documents/Github/esos32/include/lc-switch.h /home/kester/Documents/Github/esos32/include/esos_mail.h /home/kester/Documents/Github/esos32/include/esos_cb.h /home/kester/Documents/Github/esos32/include/esos_comm.h /home/kester/Documents/Github/esos32/include/esos_comm.h /home/kester/Documents/Github/esos32/include/stm32l4_ocm3/esos_stm32l4.h
#  Implicit rule search has not been done.
#  Modification time never checked.
#  File has not been updated.

/home/kester/Documents/Github/esos32/include/stm32l4_ocm3/esos_stm32l4.h:
#  Implicit rule search has not been done.
#  Modification time never checked.
#  File has not been updated.

all: build/m4_app.elf build/m4_app.hex build/m4_app.bin
#  Command-line target.
#  Implicit rule search has been done.
#  File does not exist.
#  File has been updated.
#  Needs to be updated (-q is set).
# variable set hash-table stats:
# Load=0/32=0%, Rehash=0, Collisions=0/17=0%

# Not a target:
build/esos_stm32l4_utils.d:
#  A default, MAKEFILES, or -include/sinclude makefile.
#  Implicit rule search has been done.
#  Last modified 2022-03-02 16:37:33
#  File has been updated.
#  Successfully updated.
# variable set hash-table stats:
# Load=0/32=0%, Rehash=0, Collisions=0/0=0%

# Not a target:
src/m4_app.c:
#  Implicit rule search has been done.
#  Last modified 2022-03-02 16:54:20
#  File has been updated.
#  Successfully updated.
# variable set hash-table stats:
# Load=0/32=0%, Rehash=0, Collisions=0/0=0%

build/esos_utils.o: /home/kester/Documents/Github/esos32/src/esos_utils.c /home/kester/Documents/Github/esos32/include/esos.h /home/kester/Documents/Github/esos32/include/all_generic.h /home/kester/Documents/Github/esos32/include/esos_utils.h /home/kester/Documents/Github/esos32/include/esos.h /home/kester/Documents/Github/esos32/include/esos_task.h /home/kester/Documents/Github/esos32/include/lc.h /home/kester/Documents/Github/esos32/include/lc-switch.h /home/kester/Documents/Github/esos32/include/esos_mail.h /home/kester/Documents/Github/esos32/include/esos_cb.h /home/kester/Documents/Github/esos32/include/esos_comm.h /home/kester/Documents/Github/esos32/include/esos_utils.h
#  Implicit rule search has not been done.
#  Modification time never checked.
#  File has not been updated.

/home/kester/Documents/Github/libopencm3/include/libopencm3/stm32/common/gpio_common_f234.h:
#  Implicit rule search has not been done.
#  Modification time never checked.
#  File has not been updated.

/home/kester/Documents/Github/libopencm3/include/libopencm3/stm32/l4/rng.h:
#  Implicit rule search has not been done.
#  Modification time never checked.
#  File has not been updated.

/home/kester/Documents/Github/libopencm3/include/libopencm3/stm32/common/flash_common_idcache.h:
#  Implicit rule search has not been done.
#  Modification time never checked.
#  File has not been updated.

/home/kester/Documents/Github/libopencm3/include/libopencm3/stm32/l4/adc.h:
#  Implicit rule search has not been done.
#  Modification time never checked.
#  File has not been updated.

/home/kester/Documents/Github/libopencm3/include/libopencm3/stm32/flash.h:
#  Implicit rule search has not been done.
#  Modification time never checked.
#  File has not been updated.

/home/kester/Documents/Github/libopencm3/include/libopencm3/stm32/l4/gpio.h:
#  Implicit rule search has not been done.
#  Modification time never checked.
#  File has not been updated.

/home/kester/Documents/Github/esos32/include/esos.h:
#  Implicit rule search has not been done.
#  Modification time never checked.
#  File has not been updated.

# Not a target:
src/echo_app.c:
#  Implicit rule search has not been done.
#  Modification time never checked.
#  File has not been updated.

# Not a target:
/home/kester/Documents/Github/esos32/src/esos_cb.c:
#  Implicit rule search has not been done.
#  Modification time never checked.
#  File has not been updated.

build/esos_mail.o: /home/kester/Documents/Github/esos32/src/esos_mail.c /home/kester/Documents/Github/esos32/include/esos.h /home/kester/Documents/Github/esos32/include/all_generic.h /home/kester/Documents/Github/esos32/include/esos_utils.h /home/kester/Documents/Github/esos32/include/esos.h /home/kester/Documents/Github/esos32/include/esos_task.h /home/kester/Documents/Github/esos32/include/lc.h /home/kester/Documents/Github/esos32/include/lc-switch.h /home/kester/Documents/Github/esos32/include/esos_mail.h /home/kester/Documents/Github/esos32/include/esos_cb.h /home/kester/Documents/Github/esos32/include/esos_comm.h /home/kester/Documents/Github/esos32/include/esos_mail.h
#  Implicit rule search has not been done.
#  Modification time never checked.
#  File has not been updated.

/home/kester/Documents/Github/libopencm3/include/libopencm3/cm3/nvic.h:
#  Implicit rule search has not been done.
#  Modification time never checked.
#  File has not been updated.

/home/kester/Documents/Github/libopencm3/include/libopencm3/stm32/common/flash_common_f.h:
#  Implicit rule search has not been done.
#  Modification time never checked.
#  File has not been updated.

build/esos_comm.o: /home/kester/Documents/Github/esos32/src/esos_comm.c /home/kester/Documents/Github/esos32/include/esos.h /home/kester/Documents/Github/esos32/include/all_generic.h /home/kester/Documents/Github/esos32/include/esos_utils.h /home/kester/Documents/Github/esos32/include/esos.h /home/kester/Documents/Github/esos32/include/esos_task.h /home/kester/Documents/Github/esos32/include/lc.h /home/kester/Documents/Github/esos32/include/lc-switch.h /home/kester/Documents/Github/esos32/include/esos_mail.h /home/kester/Documents/Github/esos32/include/esos_cb.h /home/kester/Documents/Github/esos32/include/esos_comm.h /home/kester/Documents/Github/esos32/include/esos_cb.h /home/kester/Documents/Github/esos32/include/esos_comm.h
#  Implicit rule search has not been done.
#  Modification time never checked.
#  File has not been updated.

# Not a target:
.SUFFIXES:
#  Implicit rule search has not been done.
#  Modification time never checked.
#  File has not been updated.

# Not a target:
/home/kester/Documents/Github/esos32/src/stm32l4_ocm3/esos_stm32l4_rs232.c:
#  Implicit rule search has not been done.
#  Modification time never checked.
#  File has not been updated.

# Not a target:
/home/kester/Documents/Github/esos32/src/stm32l4_ocm3/esos_stm32l4_tick.c:
#  Implicit rule search has not been done.
#  Modification time never checked.
#  File has not been updated.

# Not a target:
Makefile:
#  Implicit rule search has been done.
#  Last modified 2022-03-02 16:53:54
#  File has been updated.
#  Successfully updated.
# variable set hash-table stats:
# Load=0/32=0%, Rehash=0, Collisions=0/0=0%

/home/kester/Documents/Github/libopencm3/include/libopencm3/stm32/usart.h:
#  Implicit rule search has not been done.
#  Modification time never checked.
#  File has not been updated.

/home/kester/Documents/Github/esos32/include/esos_cb.h:
#  Implicit rule search has not been done.
#  Modification time never checked.
#  File has not been updated.

/home/kester/Documents/Github/libopencm3/include/libopencm3/stm32/common/rcc_common_all.h:
#  Implicit rule search has not been done.
#  Modification time never checked.
#  File has not been updated.

/home/kester/Documents/Github/libopencm3/include/libopencm3/stm32/common/i2c_common_v2.h:
#  Implicit rule search has not been done.
#  Modification time never checked.
#  File has not been updated.

# Not a target:
build/esos_utils.d:
#  A default, MAKEFILES, or -include/sinclude makefile.
#  Implicit rule search has been done.
#  Last modified 2022-03-02 16:37:33
#  File has been updated.
#  Successfully updated.
# variable set hash-table stats:
# Load=0/32=0%, Rehash=0, Collisions=0/0=0%

build:
#  Implicit rule search has not been done.
#  Last modified 2022-03-02 16:38:26
 
#  File has been updated.
#  Successfully updated.
#  commands to execute (from `Makefile', line 213):
	mkdir $@
	

/home/kester/Documents/Github/libopencm3/include/libopencm3/stm32/l4/memorymap.h:
#  Implicit rule search has not been done.
#  Modification time never checked.
#  File has not been updated.

/home/kester/Documents/Github/libopencm3/include/libopencm3/stm32/rcc.h:
#  Implicit rule search has not been done.
#  Modification time never checked.
#  File has not been updated.

# Not a target:
build/esos_cb.d:
#  A default, MAKEFILES, or -include/sinclude makefile.
#  Implicit rule search has been done.
#  Last modified 2022-03-02 16:37:33
#  File has been updated.
#  Successfully updated.
# variable set hash-table stats:
# Load=0/32=0%, Rehash=0, Collisions=0/0=0%

/home/kester/Documents/Github/esos32/include/stm32l4_ocm3/esos_stm32l4_rs232.h:
#  Implicit rule search has not been done.
#  Modification time never checked.
#  File has not been updated.

build/esos_stm32l4_utils.o: /home/kester/Documents/Github/esos32/src/stm32l4_ocm3/esos_stm32l4_utils.c /home/kester/Documents/Github/esos32/include/stm32l4_ocm3/esos_stm32l4.h /home/kester/Documents/Github/libopencm3/include/libopencm3/stm32/flash.h /home/kester/Documents/Github/libopencm3/include/libopencm3/cm3/common.h /home/kester/Documents/Github/libopencm3/include/libopencm3/stm32/memorymap.h /home/kester/Documents/Github/libopencm3/include/libopencm3/stm32/l4/memorymap.h /home/kester/Documents/Github/libopencm3/include/libopencm3/cm3/memorymap.h /home/kester/Documents/Github/libopencm3/include/libopencm3/stm32/l4/flash.h /home/kester/Documents/Github/libopencm3/include/libopencm3/stm32/common/flash_common_all.h /home/kester/Documents/Github/libopencm3/include/libopencm3/stm32/common/flash_common_f.h /home/kester/Documents/Github/libopencm3/include/libopencm3/stm32/common/flash_common_idcache.h /home/kester/Documents/Github/libopencm3/include/libopencm3/stm32/gpio.h /home/kester/Documents/Github/libopencm3/include/libopencm3/stm32/l4/gpio.h /home/kester/Documents/Github/libopencm3/include/libopencm3/stm32/common/gpio_common_f24.h /home/kester/Documents/Github/libopencm3/include/libopencm3/stm32/common/gpio_common_f234.h /home/kester/Documents/Github/libopencm3/include/libopencm3/stm32/common/gpio_common_all.h /home/kester/Documents/Github/libopencm3/include/libopencm3/stm32/i2c.h /home/kester/Documents/Github/libopencm3/include/libopencm3/stm32/l4/i2c.h /home/kester/Documents/Github/libopencm3/include/libopencm3/stm32/common/i2c_common_v2.h /home/kester/Documents/Github/libopencm3/include/libopencm3/stm32/rcc.h /home/kester/Documents/Github/libopencm3/include/libopencm3/stm32/l4/rcc.h /home/kester/Documents/Github/libopencm3/include/libopencm3/stm32/common/rcc_common_all.h /home/kester/Documents/Github/libopencm3/include/libopencm3/stm32/rng.h /home/kester/Documents/Github/libopencm3/include/libopencm3/stm32/l4/rng.h /home/kester/Documents/Github/libopencm3/include/libopencm3/stm32/common/rng_common_v1.h /home/kester/Documents/Github/libopencm3/include/libopencm3/stm32/usart.h /home/kester/Documents/Github/libopencm3/include/libopencm3/stm32/l4/usart.h /home/kester/Documents/Github/libopencm3/include/libopencm3/stm32/common/usart_common_all.h /home/kester/Documents/Github/libopencm3/include/libopencm3/stm32/common/usart_common_v2.h /home/kester/Documents/Github/libopencm3/include/libopencm3/cm3/nvic.h /home/kester/Documents/Github/libopencm3/include/libopencm3/dispatch/nvic.h /home/kester/Documents/Github/libopencm3/include/libopencm3/stm32/l4/nvic.h /home/kester/Documents/Github/libopencm3/include/libopencm3/cm3/systick.h /home/kester/Documents/Github/libopencm3/include/libopencm3/stm32/adc.h /home/kester/Documents/Github/libopencm3/include/libopencm3/stm32/l4/adc.h /home/kester/Documents/Github/libopencm3/include/libopencm3/stm32/common/adc_common_v2.h /home/kester/Documents/Github/libopencm3/include/libopencm3/stm32/common/adc_common_v2_multi.h /home/kester/Documents/Github/esos32/include/stm32l4_ocm3/esos_stm32l4_rs232.h /home/kester/Documents/Github/esos32/include/esos.h /home/kester/Documents/Github/esos32/include/all_generic.h /home/kester/Documents/Github/esos32/include/esos_utils.h /home/kester/Documents/Github/esos32/include/esos.h /home/kester/Documents/Github/esos32/include/esos_task.h /home/kester/Documents/Github/esos32/include/lc.h /home/kester/Documents/Github/esos32/include/lc-switch.h /home/kester/Documents/Github/esos32/include/esos_mail.h /home/kester/Documents/Github/esos32/include/esos_cb.h /home/kester/Documents/Github/esos32/include/esos_comm.h /home/kester/Documents/Github/esos32/include/esos_comm.h /home/kester/Documents/Github/esos32/include/stm32l4_ocm3/esos_stm32l4.h /home/kester/Documents/Github/esos32/include/stm32l4_ocm3/esos_stm32l4_utils.h
#  Implicit rule search has not been done.
#  Modification time never checked.
#  File has not been updated.

/home/kester/Documents/Github/libopencm3/include/libopencm3/stm32/common/adc_common_v2.h:
#  Implicit rule search has not been done.
#  Modification time never checked.
#  File has not been updated.

/home/kester/Documents/Github/esos32/include/lc-switch.h:
#  Implicit rule search has not been done.
#  Modification time never checked.
#  File has not been updated.

/home/kester/Documents/Github/libopencm3/include/libopencm3/stm32/rng.h:
#  Implicit rule search has not been done.
#  Modification time never checked.
#  File has not been updated.

# Not a target:
build/m4_app.hex:
#  Implicit rule search has not been done.
#  Modification time never checked.
#  File has not been updated.

# Not a target:
build/echo_app.d:
#  A default, MAKEFILES, or -include/sinclude makefile.
#  Implicit rule search has been done.
#  Last modified 2022-03-02 16:37:33
#  File has been updated.
#  Successfully updated.
# variable set hash-table stats:
# Load=0/32=0%, Rehash=0, Collisions=0/0=0%

/home/kester/Documents/Github/libopencm3/include/libopencm3/stm32/common/flash_common_all.h:
#  Implicit rule search has not been done.
#  Modification time never checked.
#  File has not been updated.

# Not a target:
build/esos_mail.d:
#  A default, MAKEFILES, or -include/sinclude makefile.
#  Implicit rule search has been done.
#  Last modified 2022-03-02 16:37:33
#  File has been updated.
#  Successfully updated.
# variable set hash-table stats:
# Load=0/32=0%, Rehash=0, Collisions=0/0=0%

build/esos.o: /home/kester/Documents/Github/esos32/src/esos.c /home/kester/Documents/Github/esos32/include/esos.h /home/kester/Documents/Github/esos32/include/all_generic.h /home/kester/Documents/Github/esos32/include/esos_utils.h /home/kester/Documents/Github/esos32/include/esos.h /home/kester/Documents/Github/esos32/include/esos_task.h /home/kester/Documents/Github/esos32/include/lc.h /home/kester/Documents/Github/esos32/include/lc-switch.h /home/kester/Documents/Github/esos32/include/esos_mail.h /home/kester/Documents/Github/esos32/include/esos_cb.h /home/kester/Documents/Github/esos32/include/esos_comm.h
#  Implicit rule search has not been done.
#  Modification time never checked.
#  File has not been updated.

build/m4_app.o: src/m4_app.c Makefile | build
#  Implicit rule search has been done.
#  Implicit/static pattern stem: `m4_app'
#  File does not exist.
#  File has been updated.
#  Needs to be updated (-q is set).
# automatic
# @ := build/m4_app.o
# automatic
# % := 
# automatic
# * := m4_app
# automatic
# + := src/m4_app.c Makefile
# automatic
# | := build
# automatic
# < := src/m4_app.c
# automatic
# ^ := src/m4_app.c Makefile
# automatic
# ? := src/m4_app.c Makefile
# variable set hash-table stats:
# Load=8/32=25%, Rehash=0, Collisions=1/29=3%
#  commands to execute (from `Makefile', line 197):
	$(CC) -c $(CFLAGS) -Wa,-a,-ad,-alms=$(BUILD_DIR)/$(notdir $(<:.c=.lst)) $< -o $@
	

/home/kester/Documents/Github/libopencm3/include/libopencm3/stm32/gpio.h:
#  Implicit rule search has not been done.
#  Modification time never checked.
#  File has not been updated.

/home/kester/Documents/Github/libopencm3/include/libopencm3/stm32/l4/i2c.h:
#  Implicit rule search has not been done.
#  Modification time never checked.
 
#  File has not been updated.

/home/kester/Documents/Github/libopencm3/include/libopencm3/stm32/common/adc_common_v2_multi.h:
#  Implicit rule search has not been done.
#  Modification time never checked.
#  File has not been updated.

# Not a target:
/home/kester/Documents/Github/esos32/src/esos.c:
#  Implicit rule search has not been done.
#  Modification time never checked.
#  File has not been updated.

# Not a target:
build/esos_comm.d:
#  A default, MAKEFILES, or -include/sinclude makefile.
#  Implicit rule search has been done.
#  Last modified 2022-03-02 16:37:33
#  File has been updated.
#  Successfully updated.
# variable set hash-table stats:
# Load=0/32=0%, Rehash=0, Collisions=0/0=0%

/home/kester/Documents/Github/libopencm3/include/libopencm3/stm32/common/usart_common_all.h:
#  Implicit rule search has not been done.
#  Modification time never checked.
#  File has not been updated.

# Not a target:
.DEFAULT:
#  Implicit rule search has not been done.
#  Modification time never checked.
#  File has not been updated.

# Not a target:
/lib/libopencm3_stm32l4.a:
#  Implicit rule search has not been done.
#  Modification time never checked.
#  File has not been updated.

# Not a target:
/home/kester/Documents/Github/esos32/src/stm32l4_ocm3/esos_stm32l4_utils.c:
#  Implicit rule search has not been done.
#  Modification time never checked.
#  File has not been updated.

build/esos_cb.o: /home/kester/Documents/Github/esos32/src/esos_cb.c /home/kester/Documents/Github/esos32/include/esos.h /home/kester/Documents/Github/esos32/include/all_generic.h /home/kester/Documents/Github/esos32/include/esos_utils.h /home/kester/Documents/Github/esos32/include/esos.h /home/kester/Documents/Github/esos32/include/esos_task.h /home/kester/Documents/Github/esos32/include/lc.h /home/kester/Documents/Github/esos32/include/lc-switch.h /home/kester/Documents/Github/esos32/include/esos_mail.h /home/kester/Documents/Github/esos32/include/esos_cb.h /home/kester/Documents/Github/esos32/include/esos_comm.h /home/kester/Documents/Github/esos32/include/esos_cb.h
#  Implicit rule search has not been done.
#  Modification time never checked.
#  File has not been updated.

build/m4_app.elf: build/m4_app.o build/esos.o build/esos_cb.o build/esos_utils.o build/esos_comm.o build/esos_mail.o build/esos_stm32l4_tick.o build/esos_stm32l4_utils.o build/esos_stm32l4_rs232.o Makefile /lib/libopencm3_stm32l4.a
#  Implicit rule search has not been done.
#  File does not exist.
#  File has been updated.
#  Needs to be updated (-q is set).
# variable set hash-table stats:
# Load=0/32=0%, Rehash=0, Collisions=0/17=0%
#  commands to execute (from `Makefile', line 203):
	$(CC) $(OBJECTS) $(LDFLAGS) -o $@
	$(SZ) $@
	

/home/kester/Documents/Github/esos32/include/esos_task.h:
#  Implicit rule search has not been done.
#  Modification time never checked.
#  File has not been updated.

/home/kester/Documents/Github/libopencm3/include/libopencm3/stm32/memorymap.h:
#  Implicit rule search has not been done.
#  Modification time never checked.
#  File has not been updated.

/home/kester/Documents/Github/libopencm3/include/libopencm3/cm3/memorymap.h:
#  Implicit rule search has not been done.
#  Modification time never checked.
#  File has not been updated.

clean:
#  Implicit rule search has not been done.
#  Modification time never checked.
#  File has not been updated.
#  commands to execute (from `Makefile', line 219):
	-$(MAKECLEANCMD) $(MAKECLEANFLAGS) $(BUILD_DIR)
	

src/user_app.h:
#  Implicit rule search has not been done.
#  Modification time never checked.
#  File has not been updated.

# Not a target:
/home/kester/Documents/Github/esos32/src/esos_utils.c:
#  Implicit rule search has not been done.
#  Modification time never checked.
#  File has not been updated.

/home/kester/Documents/Github/libopencm3/include/libopencm3/stm32/common/gpio_common_f24.h:
#  Implicit rule search has not been done.
#  Modification time never checked.
#  File has not been updated.

/home/kester/Documents/Github/libopencm3/include/libopencm3/stm32/common/rng_common_v1.h:
#  Implicit rule search has not been done.
#  Modification time never checked.
#  File has not been updated.

/home/kester/Documents/Github/esos32/include/stm32l4_ocm3/esos_stm32l4_utils.h:
#  Implicit rule search has not been done.
#  Modification time never checked.
#  File has not been updated.

build/echo_app.o: src/echo_app.c /home/kester/Documents/Github/esos32/include/esos.h /home/kester/Documents/Github/esos32/include/all_generic.h /home/kester/Documents/Github/esos32/include/esos_utils.h /home/kester/Documents/Github/esos32/include/esos.h /home/kester/Documents/Github/esos32/include/esos_task.h /home/kester/Documents/Github/esos32/include/lc.h /home/kester/Documents/Github/esos32/include/lc-switch.h /home/kester/Documents/Github/esos32/include/esos_mail.h /home/kester/Documents/Github/esos32/include/esos_cb.h /home/kester/Documents/Github/esos32/include/esos_comm.h src/user_app.h /home/kester/Documents/Github/esos32/include/stm32l4_ocm3/esos_stm32l4.h /home/kester/Documents/Github/libopencm3/include/libopencm3/stm32/flash.h /home/kester/Documents/Github/libopencm3/include/libopencm3/cm3/common.h /home/kester/Documents/Github/libopencm3/include/libopencm3/stm32/memorymap.h /home/kester/Documents/Github/libopencm3/include/libopencm3/stm32/l4/memorymap.h /home/kester/Documents/Github/libopencm3/include/libopencm3/cm3/memorymap.h /home/kester/Documents/Github/libopencm3/include/libopencm3/stm32/l4/flash.h /home/kester/Documents/Github/libopencm3/include/libopencm3/stm32/common/flash_common_all.h /home/kester/Documents/Github/libopencm3/include/libopencm3/stm32/common/flash_common_f.h /home/kester/Documents/Github/libopencm3/include/libopencm3/stm32/common/flash_common_idcache.h /home/kester/Documents/Github/libopencm3/include/libopencm3/stm32/gpio.h /home/kester/Documents/Github/libopencm3/include/libopencm3/stm32/l4/gpio.h /home/kester/Documents/Github/libopencm3/include/libopencm3/stm32/common/gpio_common_f24.h /home/kester/Documents/Github/libopencm3/include/libopencm3/stm32/common/gpio_common_f234.h /home/kester/Documents/Github/libopencm3/include/libopencm3/stm32/common/gpio_common_all.h /home/kester/Documents/Github/libopencm3/include/libopencm3/stm32/i2c.h /home/kester/Documents/Github/libopencm3/include/libopencm3/stm32/l4/i2c.h /home/kester/Documents/Github/libopencm3/include/libopencm3/stm32/common/i2c_common_v2.h /home/kester/Documents/Github/libopencm3/include/libopencm3/stm32/rcc.h /home/kester/Documents/Github/libopencm3/include/libopencm3/stm32/l4/rcc.h /home/kester/Documents/Github/libopencm3/include/libopencm3/stm32/common/rcc_common_all.h /home/kester/Documents/Github/libopencm3/include/libopencm3/stm32/rng.h /home/kester/Documents/Github/libopencm3/include/libopencm3/stm32/l4/rng.h /home/kester/Documents/Github/libopencm3/include/libopencm3/stm32/common/rng_common_v1.h /home/kester/Documents/Github/libopencm3/include/libopencm3/stm32/usart.h /home/kester/Documents/Github/libopencm3/include/libopencm3/stm32/l4/usart.h /home/kester/Documents/Github/libopencm3/include/libopencm3/stm32/common/usart_common_all.h /home/kester/Documents/Github/libopencm3/include/libopencm3/stm32/common/usart_common_v2.h /home/kester/Documents/Github/libopencm3/include/libopencm3/cm3/nvic.h /home/kester/Documents/Github/libopencm3/include/libopencm3/dispatch/nvic.h /home/kester/Documents/Github/libopencm3/include/libopencm3/stm32/l4/nvic.h /home/kester/Documents/Github/libopencm3/include/libopencm3/cm3/systick.h /home/kester/Documents/Github/libopencm3/include/libopencm3/stm32/adc.h /home/kester/Documents/Github/libopencm3/include/libopencm3/stm32/l4/adc.h /home/kester/Documents/Github/libopencm3/include/libopencm3/stm32/common/adc_common_v2.h /home/kester/Documents/Github/libopencm3/include/libopencm3/stm32/common/adc_common_v2_multi.h /home/kester/Documents/Github/esos32/include/stm32l4_ocm3/esos_stm32l4_rs232.h /home/kester/Documents/Github/esos32/include/esos_comm.h /home/kester/Documents/Github/esos32/include/stm32l4_ocm3/esos_stm32l4.h /home/kester/Documents/Github/esos32/include/stm32l4_ocm3/esos_stm32l4_rs232.h
 
#  Implicit rule search has not been done.
#  Modification time never checked.
#  File has not been updated.

# Not a target:
build/esos_stm32l4_rs232.d:
#  A default, MAKEFILES, or -include/sinclude makefile.
#  Implicit rule search has been done.
#  Last modified 2022-03-02 16:37:33
#  File has been updated.
#  Successfully updated.
# variable set hash-table stats:
# Load=0/32=0%, Rehash=0, Collisions=0/0=0%

# Not a target:
build/esos_stm32l4_tick.d:
#  A default, MAKEFILES, or -include/sinclude makefile.
#  Implicit rule search has been done.
#  Last modified 2022-03-02 16:37:33
#  File has been updated.
#  Successfully updated.
# variable set hash-table stats:
# Load=0/32=0%, Rehash=0, Collisions=0/0=0%

# Not a target:
/home/kester/Documents/Github/esos32/src/esos_mail.c:
#  Implicit rule search has not been done.
#  Modification time never checked.
#  File has not been updated.

/home/kester/Documents/Github/libopencm3/include/libopencm3/stm32/common/gpio_common_all.h:
#  Implicit rule search has not been done.
#  Modification time never checked.
#  File has not been updated.

/home/kester/Documents/Github/libopencm3/include/libopencm3/stm32/common/usart_common_v2.h:
#  Implicit rule search has not been done.
#  Modification time never checked.
#  File has not been updated.

# Not a target:
/home/kester/Documents/Github/esos32/src/esos_comm.c:
#  Implicit rule search has not been done.
#  Modification time never checked.
#  File has not been updated.

# Not a target:
build/esos.d:
#  A default, MAKEFILES, or -include/sinclude makefile.
#  Implicit rule search has been done.
#  Last modified 2022-03-02 16:37:33
#  File has been updated.
#  Successfully updated.
# variable set hash-table stats:
# Load=0/32=0%, Rehash=0, Collisions=0/0=0%

/home/kester/Documents/Github/libopencm3/include/libopencm3/stm32/i2c.h:
#  Implicit rule search has not been done.
#  Modification time never checked.
#  File has not been updated.

/home/kester/Documents/Github/esos32/include/esos_utils.h:
#  Implicit rule search has not been done.
#  Modification time never checked.
#  File has not been updated.

# Not a target:
build/m4_app.bin:
#  Implicit rule search has not been done.
#  Modification time never checked.
#  File has not been updated.

/home/kester/Documents/Github/libopencm3/include/libopencm3/stm32/l4/flash.h:
#  Implicit rule search has not been done.
#  Modification time never checked.
#  File has not been updated.

/home/kester/Documents/Github/libopencm3/include/libopencm3/cm3/common.h:
#  Implicit rule search has not been done.
#  Modification time never checked.
#  File has not been updated.

/home/kester/Documents/Github/libopencm3/include/libopencm3/stm32/l4/nvic.h:
#  Implicit rule search has not been done.
#  Modification time never checked.
#  File has not been updated.

/home/kester/Documents/Github/esos32/include/all_generic.h:
#  Implicit rule search has not been done.
#  Modification time never checked.
#  File has not been updated.

/home/kester/Documents/Github/libopencm3/include/libopencm3/stm32/adc.h:
#  Implicit rule search has not been done.
#  Modification time never checked.
#  File has not been updated.

/home/kester/Documents/Github/esos32/include/lc.h:
#  Implicit rule search has not been done.
#  Modification time never checked.
#  File has not been updated.

/home/kester/Documents/Github/esos32/include/esos_comm.h:
#  Implicit rule search has not been done.
#  Modification time never checked.
#  File has not been updated.

/home/kester/Documents/Github/libopencm3/include/libopencm3/cm3/systick.h:
#  Implicit rule search has not been done.
#  Modification time never checked.
#  File has not been updated.

/home/kester/Documents/Github/esos32/include/esos_mail.h:
#  Implicit rule search has not been done.
#  Modification time never checked.
#  File has not been updated.

/home/kester/Documents/Github/libopencm3/include/libopencm3/stm32/l4/usart.h:
#  Implicit rule search has not been done.
#  Modification time never checked.
#  File has not been updated.

# files hash-table stats:
# Load=87/1024=8%, Rehash=0, Collisions=55/606=9%
# VPATH Search Paths

vpath %.c src

# 1 `vpath' search paths.

# No general (`VPATH' variable) search path.

# # of strings in strcache: 10
# # of strcache buffers: 1
# strcache size: total = 4096 / max = 4096 / min = 4096 / avg = 4096
# strcache free: total = 3906 / max = 3906 / min = 3906 / avg = 3906

# Finished Make data base on Wed Mar  2 17:03:44 2022

 
